<?xml version="1.0" encoding="UTF-8"?>
<!-- Generated by org.testng.reporters.JUnitReportReporter -->
<testsuite hostname="User-PC" name="apiTestingProject.extractValuesOfEachNodeInJSON" tests="1" failures="0" timestamp="24 Sep 2021 14:30:27 GMT" time="2.796" errors="0">
  <testcase name="extractResults" time="2.796" classname="apiTestingProject.extractValuesOfEachNodeInJSON"/>
</testsuite> <!-- apiTestingProject.extractValuesOfEachNodeInJSON -->
