<?xml version="1.0" encoding="UTF-8"?>
<!-- Generated by org.testng.reporters.JUnitReportReporter -->
<testsuite hostname="User-PC" name="apiTestingProject.DataDrivenTest_AddNewEmployee" tests="3" failures="0" timestamp="2 Oct 2021 17:51:32 GMT" time="3.438" errors="0">
  <testcase name="postNewEmployees" time="0.588" classname="apiTestingProject.DataDrivenTest_AddNewEmployee"/>
  <testcase name="postNewEmployees" time="1.991" classname="apiTestingProject.DataDrivenTest_AddNewEmployee"/>
  <testcase name="postNewEmployees" time="0.859" classname="apiTestingProject.DataDrivenTest_AddNewEmployee"/>
</testsuite> <!-- apiTestingProject.DataDrivenTest_AddNewEmployee -->
